2014-09-16 20:26:22.981 Flickpay[63381:80b] Multi-tasking -> Device: YES, App: YES
2014-09-16 20:26:23.099 Flickpay[63381:80b] Unlimited access to network resources
2014-09-16 20:26:23.135 Flickpay[63381:80b] 

Started backup to iCloud! Please be careful.
Your application might rejected by Apple if you store too much data.
For more information please read "iOS Data Storage Guidelines"
You could find it at the following address https://developer.apple.com/icloud/documentation/data-storage/ .

2014-09-16 20:26:25.560 Flickpay[63381:80b] Resetting plugins due to page load.
2014-09-16 20:26:26.557 Flickpay[63381:80b] Finished load of: file:///Users/Eric/Library/Application%20Support/iPhone%20Simulator/7.0.3/Applications/10D8C15D-3043-4214-BE0C-0E5826AB6B61/Flickpay.app/www/index.html
2014-09-16 20:42:58.628 Flickpay[63743:80b] Multi-tasking -> Device: YES, App: YES
2014-09-16 20:42:58.641 Flickpay[63743:80b] Unlimited access to network resources
2014-09-16 20:42:58.645 Flickpay[63743:80b] 

Started backup to iCloud! Please be careful.
Your application might rejected by Apple if you store too much data.
For more information please read "iOS Data Storage Guidelines"
You could find it at the following address https://developer.apple.com/icloud/documentation/data-storage/ .

2014-09-16 20:42:58.840 Flickpay[63743:80b] Resetting plugins due to page load.
2014-09-16 20:42:59.004 Flickpay[63743:80b] Finished load of: file:///Users/Eric/Library/Application%20Support/iPhone%20Simulator/7.0.3/Applications/10D8C15D-3043-4214-BE0C-0E5826AB6B61/Flickpay.app/www/index.html
2014-09-16 20:55:21.834 Flickpay[64177:80b] Multi-tasking -> Device: YES, App: YES
2014-09-16 20:55:21.846 Flickpay[64177:80b] Unlimited access to network resources
2014-09-16 20:55:21.850 Flickpay[64177:80b] 

Started backup to iCloud! Please be careful.
Your application might rejected by Apple if you store too much data.
For more information please read "iOS Data Storage Guidelines"
You could find it at the following address https://developer.apple.com/icloud/documentation/data-storage/ .

2014-09-16 20:55:21.922 Flickpay[64177:80b] Resetting plugins due to page load.
2014-09-16 20:55:22.201 Flickpay[64177:80b] Finished load of: file:///Users/Eric/Library/Application%20Support/iPhone%20Simulator/7.0.3/Applications/10D8C15D-3043-4214-BE0C-0E5826AB6B61/Flickpay.app/www/index.html
2014-09-16 21:13:28.967 Flickpay[64603:80b] Multi-tasking -> Device: YES, App: YES
2014-09-16 21:13:28.979 Flickpay[64603:80b] Unlimited access to network resources
2014-09-16 21:13:28.987 Flickpay[64603:80b] 

Started backup to iCloud! Please be careful.
Your application might rejected by Apple if you store too much data.
For more information please read "iOS Data Storage Guidelines"
You could find it at the following address https://developer.apple.com/icloud/documentation/data-storage/ .

2014-09-16 21:13:29.208 Flickpay[64603:80b] Resetting plugins due to page load.
2014-09-16 21:13:30.750 Flickpay[64603:80b] Finished load of: file:///Users/Eric/Library/Application%20Support/iPhone%20Simulator/7.0.3/Applications/10D8C15D-3043-4214-BE0C-0E5826AB6B61/Flickpay.app/www/index.html
2014-09-16 21:15:26.632 Flickpay[64783:80b] Multi-tasking -> Device: YES, App: YES
2014-09-16 21:15:26.651 Flickpay[64783:80b] Unlimited access to network resources
2014-09-16 21:15:26.659 Flickpay[64783:80b] 

Started backup to iCloud! Please be careful.
Your application might rejected by Apple if you store too much data.
For more information please read "iOS Data Storage Guidelines"
You could find it at the following address https://developer.apple.com/icloud/documentation/data-storage/ .

2014-09-16 21:15:26.909 Flickpay[64783:80b] Resetting plugins due to page load.
2014-09-16 21:15:27.176 Flickpay[64783:80b] Finished load of: file:///Users/Eric/Library/Application%20Support/iPhone%20Simulator/7.0.3/Applications/10D8C15D-3043-4214-BE0C-0E5826AB6B61/Flickpay.app/www/index.html
